<?xml version="1.0" encoding="UTF-8"?>
<testsuite name="com.demo.guru99.automation.runners.RegisterRunner" tests="0" skipped="0" failures="0" errors="0" timestamp="1970-01-01T00:00:00" hostname="DESKTOP-A2QK5EK" time="0.0">
  <properties/>
  <system-out><![CDATA[
?[31mFailed scenarios:?[0m
?[31msrc/test/resources/features/register.feature:17 ?[0m# Register
?[31msrc/test/resources/features/register.feature:18 ?[0m# Register

2 Scenarios (?[31m2 failed?[0m)
6 Steps (?[31m2 failed?[0m, ?[32m4 passed?[0m)
1m29,275s

java.lang.NullPointerException
	at com.demo.guru99.automation.stepdefinitions.RegisterStepDefinition.youShouldToSeeYourUserNameInThePortal(RegisterStepDefinition.java:44)
	at ?.you should to see your username in the portal(src/test/resources/features/register.feature:12)

java.lang.NullPointerException
	at com.demo.guru99.automation.stepdefinitions.RegisterStepDefinition.youShouldToSeeYourUserNameInThePortal(RegisterStepDefinition.java:44)
	at ?.you should to see your username in the portal(src/test/resources/features/register.feature:12)

]]></system-out>
  <system-err><![CDATA[[Test worker] INFO net.thucydides.core.steps.ConsoleLoggingListener - 

-------------------------------------------------------------------------------------
     _______. _______ .______       _______ .__   __.  __  .___________.____    ____ 
    /       ||   ____||   _  \     |   ____||  \ |  | |  | |           |\   \  /   / 
   |   (----`|  |__   |  |_)  |    |  |__   |   \|  | |  | `---|  |----` \   \/   /  
    \   \    |   __|  |      /     |   __|  |  . `  | |  |     |  |       \_    _/   
.----)   |   |  |____ |  |\  \----.|  |____ |  |\   | |  |     |  |         |  |     
|_______/    |_______|| _| `._____||_______||__| \__| |__|     |__|         |__|    
                                                                                     
 News and tutorials at http://www.serenity-bdd.info                                  
 Documentation at https://wakaleo.gitbooks.io/the-serenity-book/content/             
 Join the Serenity Community on Rocket Chat at https://serenity-bdd.rocket.chat      
 Serenity BDD Support and Training at http://serenity-bdd.info/#/trainingandsupport  
 Learn Serenity BDD online at http://serenity-dojo.com                               
-------------------------------------------------------------------------------------

[Test worker] INFO net.thucydides.core.steps.ConsoleLoggingListener - Test Suite Started: Register
[Test worker] INFO net.thucydides.core.steps.ConsoleLoggingListener - 
 _____ _____ ____ _____   ____ _____  _    ____ _____ _____ ____  
|_   _| ____/ ___|_   _| / ___|_   _|/ \  |  _ \_   _| ____|  _ \ 
  | | |  _| \___ \ | |   \___ \ | | / _ \ | |_) || | |  _| | | | |
  | | | |___ ___) || |    ___) || |/ ___ \|  _ < | | | |___| |_| |
  |_| |_____|____/ |_|   |____/ |_/_/   \_\_| \_\|_| |_____|____/ 
                                                                  

TEST STARTED: Register
-------------------------------------------------------------------(register;register)
]]></system-err>
</testsuite>
